[2012-10-21 20:44:15.355] [DEBUG] sample-places - {"places":[{"id":"508493beeade8412e602fd5a","name":"hello","created_at":"2012-10-22T00:30:54+0000","updated_at":"2012-10-22T00:30:54+0000","address":"world","city":"there","state":"a","postal_code":"b","user":{"id":"4fed396eb685530e5a00001d","first_name":"peter","last_name":"l","created_at":"2012-06-29T05:13:18+0000","updated_at":"2012-10-22T03:41:16+0000","external_accounts":[],"confirmed_at":"2012-06-29T05:13:18+0000","username":"peter","email":"peter@cocoafish.com","admin":"false"}}],"success":true,"error":false,"meta":{"code":200,"status":"ok","method_name":"updatePlace"}}
[2012-10-21 20:44:15.356] [DEBUG] sample-places - {"place_id":"508493beeade8412e602fd5a","name":"hello","address":"world","city":"there","state":"a","postal_code":"b","suppress_response_codes":"true"}
[2012-10-21 23:30:19.880] [DEBUG] sample-places - Error: {"success":false,"error":true,"code":401,"message":"You need to sign in or sign up before continuing."}
[2012-10-21 23:32:16.281] [DEBUG] sample-places - Error: {"success":false,"error":true,"code":401,"message":"You need to sign in or sign up before continuing."}
[2012-10-21 23:32:34.434] [DEBUG] sample-places - Error: {"success":false,"error":true,"code":401,"message":"You need to sign in or sign up before continuing."}
[2012-10-21 23:32:47.756] [DEBUG] sample-places - Error: {"success":false,"error":true,"code":401,"message":"You need to sign in or sign up before continuing."}
[2012-10-21 23:33:18.330] [DEBUG] sample-places - Error: {"success":false,"error":true,"code":401,"message":"You need to sign in or sign up before continuing."}
[2012-10-22 11:52:12.253] [DEBUG] sample-places - Error: {"success":false,"error":true,"code":401,"message":"You need to sign in or sign up before continuing."}
[2012-10-22 14:31:48.649] [DEBUG] sample-places - Error: {"success":false,"error":true,"code":401,"message":"You need to sign in or sign up before continuing."}
[2012-10-24 14:03:06.291] [DEBUG] sample-places - Error: {"success":false,"error":true,"code":401,"message":"You need to sign in or sign up before continuing."}
[2012-10-24 14:03:16.883] [DEBUG] sample-places - Error: {"success":false,"error":true,"code":401,"message":"You need to sign in or sign up before continuing."}
[2012-10-24 14:07:49.904] [DEBUG] sample-places - Error: {"success":false,"error":true,"code":401,"message":"You need to sign in or sign up before continuing."}
[2012-10-24 14:07:50.363] [DEBUG] sample-places - Error: {"success":false,"error":true,"code":401,"message":"You need to sign in or sign up before continuing."}
[2012-10-24 14:07:54.107] [DEBUG] sample-places - Error: {"success":false,"error":true,"code":401,"message":"You need to sign in or sign up before continuing."}
[2012-10-24 14:07:54.780] [DEBUG] sample-places - Error: {"success":false,"error":true,"code":401,"message":"You need to sign in or sign up before continuing."}
[2012-10-24 14:07:58.093] [DEBUG] sample-places - Error: {"success":false,"error":true,"code":401,"message":"You need to sign in or sign up before continuing."}
[2012-10-24 14:08:01.569] [DEBUG] sample-places - Error: {"success":false,"error":true,"code":401,"message":"You need to sign in or sign up before continuing."}
[2012-10-24 14:08:13.734] [DEBUG] sample-places - Error: {"success":false,"error":true,"code":401,"message":"You need to sign in or sign up before continuing."}
[2012-10-24 14:08:14.092] [DEBUG] sample-places - Error: {"success":false,"error":true,"code":400,"message":"Password parameter required for login"}
[2012-10-24 14:08:14.421] [DEBUG] sample-places - Error: {"success":false,"error":true,"code":401,"message":"You need to sign in or sign up before continuing."}
[2012-10-24 14:08:22.267] [DEBUG] sample-places - Error: {"success":false,"error":true,"code":401,"message":"You need to sign in or sign up before continuing."}
[2012-10-24 14:08:22.548] [DEBUG] sample-places - Error: {"success":false,"error":true,"code":401,"message":"Invalid email/username and password"}
[2012-10-24 14:08:22.886] [DEBUG] sample-places - Error: {"success":false,"error":true,"code":401,"message":"You need to sign in or sign up before continuing."}
[2012-10-24 14:08:26.427] [DEBUG] sample-places - Error: {"success":false,"error":true,"code":401,"message":"You need to sign in or sign up before continuing."}
